<?xml version="1.0" encoding="UTF-8"?>
<!-- Generated by org.testng.reporters.JUnitReportReporter -->
<testsuite hostname="Sayannas-MacBook-Pro.local" failures="0" tests="2" name="com.Qa.Redfin.PageTests.PropertiesPageTest" time="80.533" errors="0" timestamp="2021-06-09T20:48:39 PDT" skipped="0">
  <testcase classname="com.Qa.Redfin.PageTests.PropertiesPageTest" name="DisplaypropertiesForGivenCity" time="49.131"/>
  <system-out/>
  <testcase classname="com.Qa.Redfin.PageTests.PropertiesPageTest" name="DisplaypropertiesForGivenCity" time="31.402"/>
  <system-out/>
</testsuite> <!-- com.Qa.Redfin.PageTests.PropertiesPageTest -->
