<?xml version="1.0" encoding="UTF-8"?>
<!-- Generated by org.testng.reporters.JUnitReportReporter -->
<testsuite hostname="Sayannas-MacBook-Pro.local" failures="0" tests="5" name="com.Qa.Redfin.PageTests.HomePageTest" time="64.062" errors="0" timestamp="2021-06-05T21:44:09 PDT" skipped="0">
  <testcase classname="com.Qa.Redfin.PageTests.HomePageTest" name="ValidatePageTitle" time="0.023"/>
  <system-out/>
  <testcase classname="com.Qa.Redfin.PageTests.HomePageTest" name="enterTextInSearchBox" time="0.261"/>
  <system-out/>
  <testcase classname="com.Qa.Redfin.PageTests.HomePageTest" name="validatePopUp" time="0.196"/>
  <system-out/>
  <testcase classname="com.Qa.Redfin.PageTests.HomePageTest" name="clickOncity" time="41.815"/>
  <system-out/>
  <testcase classname="com.Qa.Redfin.PageTests.HomePageTest" name="clickOncity" time="21.767"/>
  <system-out/>
</testsuite> <!-- com.Qa.Redfin.PageTests.HomePageTest -->
