<?xml version="1.0" encoding="UTF-8"?>
<!-- Generated by org.testng.reporters.JUnitReportReporter -->
<testsuite hostname="Sayannas-MacBook-Pro.local" failures="0" tests="4" name="com.Qa.Redfin.PageTests.HomePageTest" time="1.108" errors="0" timestamp="2021-06-05T20:18:10 PDT" skipped="0">
  <testcase classname="com.Qa.Redfin.PageTests.HomePageTest" name="ValidatePageTitle" time="0.264"/>
  <system-out/>
  <testcase classname="com.Qa.Redfin.PageTests.HomePageTest" name="enterTextInSearchBox" time="0.319"/>
  <system-out/>
  <testcase classname="com.Qa.Redfin.PageTests.HomePageTest" name="validatePopUp" time="0.202"/>
  <system-out/>
  <testcase classname="com.Qa.Redfin.PageTests.HomePageTest" name="clickOncity" time="0.323"/>
  <system-out/>
</testsuite> <!-- com.Qa.Redfin.PageTests.HomePageTest -->
