<?xml version="1.0" encoding="UTF-8"?>
<!-- Generated by org.testng.reporters.JUnitReportReporter -->
<testsuite hostname="Sayannas-MacBook-Pro.local" failures="0" tests="5" name="com.Qa.Redfin.PageTests.PropertiesPageTest" time="65.618" errors="0" timestamp="2021-06-05T20:20:46 PDT" skipped="0">
  <testcase classname="com.Qa.Redfin.PageTests.PropertiesPageTest" name="enterCityname" time="20.053"/>
  <system-out/>
  <testcase classname="com.Qa.Redfin.PageTests.PropertiesPageTest" name="enterCityname" time="21.797"/>
  <system-out/>
  <testcase classname="com.Qa.Redfin.PageTests.PropertiesPageTest" name="validatepage" time="0.014"/>
  <system-out/>
  <testcase classname="com.Qa.Redfin.PageTests.PropertiesPageTest" name="SelectMinMaxPrices" time="20.270"/>
  <system-out/>
  <testcase classname="com.Qa.Redfin.PageTests.PropertiesPageTest" name="verifyHomes" time="3.484"/>
  <system-out/>
</testsuite> <!-- com.Qa.Redfin.PageTests.PropertiesPageTest -->
