<?xml version="1.0" encoding="UTF-8"?>
<!-- Generated by org.testng.reporters.JUnitReportReporter -->
<testsuite hostname="Sayannas-MacBook-Pro.local" failures="0" tests="5" name="com.Qa.Redfin.PageTests.PropertiesPageTest" time="84.868" errors="0" timestamp="2021-06-05T21:53:34 PDT" skipped="0">
  <testcase classname="com.Qa.Redfin.PageTests.PropertiesPageTest" name="enterCityname" time="21.744"/>
  <system-out/>
  <testcase classname="com.Qa.Redfin.PageTests.PropertiesPageTest" name="enterCityname" time="40.076"/>
  <system-out/>
  <testcase classname="com.Qa.Redfin.PageTests.PropertiesPageTest" name="validatepage" time="0.013"/>
  <system-out/>
  <testcase classname="com.Qa.Redfin.PageTests.PropertiesPageTest" name="SelectMinMaxPrices" time="20.238"/>
  <system-out/>
  <testcase classname="com.Qa.Redfin.PageTests.PropertiesPageTest" name="verifyHomes" time="2.797"/>
  <system-out/>
</testsuite> <!-- com.Qa.Redfin.PageTests.PropertiesPageTest -->
