<?xml version="1.0" encoding="UTF-8"?>
<!-- Generated by org.testng.reporters.JUnitReportReporter -->
<testsuite hostname="Sayannas-MacBook-Pro.local" failures="0" tests="2" name="com.Qa.Redfin.PageTests.PropertiesPageTest" time="89.291" errors="0" timestamp="2021-06-09T22:04:27 PDT" skipped="0">
  <testcase classname="com.Qa.Redfin.PageTests.PropertiesPageTest" name="DisplaypropertiesForGivenCity" time="34.898"/>
  <system-out/>
  <testcase classname="com.Qa.Redfin.PageTests.PropertiesPageTest" name="DisplaypropertiesForGivenCity" time="54.393"/>
  <system-out/>
</testsuite> <!-- com.Qa.Redfin.PageTests.PropertiesPageTest -->
