<?xml version="1.0" encoding="UTF-8"?>
<!-- Generated by org.testng.reporters.JUnitReportReporter -->
<testsuite hostname="Sayannas-MacBook-Pro.local" failures="0" tests="2" name="com.Qa.Redfin.PageTests.HomePageTest" time="58.142" errors="0" timestamp="2021-06-09T20:48:39 PDT" skipped="0">
  <testcase classname="com.Qa.Redfin.PageTests.HomePageTest" name="selectGivenCity" time="28.868"/>
  <system-out/>
  <testcase classname="com.Qa.Redfin.PageTests.HomePageTest" name="selectGivenCity" time="29.274"/>
  <system-out/>
</testsuite> <!-- com.Qa.Redfin.PageTests.HomePageTest -->
