<?xml version="1.0" encoding="UTF-8"?>
<!-- Generated by org.testng.reporters.JUnitReportReporter -->
<testsuite hostname="Sayannas-MacBook-Pro.local" failures="0" tests="2" name="com.Qa.Redfin.PageTests.HomePageTest" time="64.737" errors="0" timestamp="2021-06-09T22:48:50 PDT" skipped="0">
  <testcase classname="com.Qa.Redfin.PageTests.HomePageTest" name="selectGivenCity" time="28.567"/>
  <system-out/>
  <testcase classname="com.Qa.Redfin.PageTests.HomePageTest" name="selectGivenCity" time="36.170"/>
  <system-out/>
</testsuite> <!-- com.Qa.Redfin.PageTests.HomePageTest -->
